CRITICAL - 2023-08-30 23:55:43 --> syntax error, unexpected token "public"
in APPPATH\Controllers\SolicitudesController.php on line 47.
 1 SYSTEMPATH\Autoloader\Autoloader.php(289): CodeIgniter\Autoloader\Autoloader->includeFile('C:\\laragon\\www\\proyecto-metronic\\app\\Controllers\\SolicitudesController.php')
 2 SYSTEMPATH\Autoloader\Autoloader.php(267): CodeIgniter\Autoloader\Autoloader->loadInNamespace('App\\Controllers\\SolicitudesController')
 3 [internal function]: CodeIgniter\Autoloader\Autoloader->loadClass('App\\Controllers\\SolicitudesController')
 4 SYSTEMPATH\CodeIgniter.php(890): class_exists('\\App\\Controllers\\SolicitudesController', true)
 5 SYSTEMPATH\CodeIgniter.php(484): CodeIgniter\CodeIgniter->startController()
 6 SYSTEMPATH\CodeIgniter.php(366): CodeIgniter\CodeIgniter->handleRequest(null, Object(Config\Cache), false)
 7 FCPATH\index.php(67): CodeIgniter\CodeIgniter->run()
CRITICAL - 2023-08-30 23:57:40 --> Cannot use object of type stdClass as array
in APPPATH\Controllers\SolicitudesController.php on line 21.
 1 SYSTEMPATH\CodeIgniter.php(932): App\Controllers\SolicitudesController->tabla_solicitudes()
 2 SYSTEMPATH\CodeIgniter.php(497): CodeIgniter\CodeIgniter->runController(Object(App\Controllers\SolicitudesController))
 3 SYSTEMPATH\CodeIgniter.php(366): CodeIgniter\CodeIgniter->handleRequest(null, Object(Config\Cache), false)
 4 FCPATH\index.php(67): CodeIgniter\CodeIgniter->run()
CRITICAL - 2023-08-30 23:57:53 --> Cannot use object of type stdClass as array
in APPPATH\Controllers\SolicitudesController.php on line 21.
 1 SYSTEMPATH\CodeIgniter.php(932): App\Controllers\SolicitudesController->tabla_solicitudes()
 2 SYSTEMPATH\CodeIgniter.php(497): CodeIgniter\CodeIgniter->runController(Object(App\Controllers\SolicitudesController))
 3 SYSTEMPATH\CodeIgniter.php(366): CodeIgniter\CodeIgniter->handleRequest(null, Object(Config\Cache), false)
 4 FCPATH\index.php(67): CodeIgniter\CodeIgniter->run()
