CRITICAL - 2023-08-16 13:03:54 --> Undefined variable $SOLICITUD_DE_SOPORTE
in APPPATH\Views\index.php on line 465.
 1 APPPATH\Views\index.php(465): CodeIgniter\Debug\Exceptions->errorHandler(2, 'Undefined variable $SOLICITUD_DE_SOPORTE', 'C:\\laragon\\www\\Soporte-Dev-EP\\app\\Views\\index.php', 465)
 2 SYSTEMPATH\View\View.php(224): include('C:\\laragon\\www\\Soporte-Dev-EP\\app\\Views\\index.php')
 3 SYSTEMPATH\View\View.php(227): CodeIgniter\View\View->CodeIgniter\View\{closure}()
 4 SYSTEMPATH\Common.php(1180): CodeIgniter\View\View->render('index', [], true)
 5 APPPATH\Controllers\Home.php(12): view('index')
 6 SYSTEMPATH\CodeIgniter.php(932): App\Controllers\Home->index()
 7 SYSTEMPATH\CodeIgniter.php(497): CodeIgniter\CodeIgniter->runController(Object(App\Controllers\Home))
 8 SYSTEMPATH\CodeIgniter.php(366): CodeIgniter\CodeIgniter->handleRequest(null, Object(Config\Cache), false)
 9 FCPATH\index.php(67): CodeIgniter\CodeIgniter->run()
CRITICAL - 2023-08-16 13:33:40 --> Undefined array key "clasificacion"
in APPPATH\Controllers\Home.php on line 34.
 1 APPPATH\Controllers\Home.php(34): CodeIgniter\Debug\Exceptions->errorHandler(2, 'Undefined array key "clasificacion"', 'C:\\laragon\\www\\Soporte-Dev-EP\\app\\Controllers\\Home.php', 34)
 2 SYSTEMPATH\CodeIgniter.php(932): App\Controllers\Home->guardar()
 3 SYSTEMPATH\CodeIgniter.php(497): CodeIgniter\CodeIgniter->runController(Object(App\Controllers\Home))
 4 SYSTEMPATH\CodeIgniter.php(366): CodeIgniter\CodeIgniter->handleRequest(null, Object(Config\Cache), false)
 5 FCPATH\index.php(67): CodeIgniter\CodeIgniter->run()
CRITICAL - 2023-08-16 13:35:21 --> Undefined array key "categoria"
in APPPATH\Controllers\Home.php on line 35.
 1 APPPATH\Controllers\Home.php(35): CodeIgniter\Debug\Exceptions->errorHandler(2, 'Undefined array key "categoria"', 'C:\\laragon\\www\\Soporte-Dev-EP\\app\\Controllers\\Home.php', 35)
 2 SYSTEMPATH\CodeIgniter.php(932): App\Controllers\Home->guardar()
 3 SYSTEMPATH\CodeIgniter.php(497): CodeIgniter\CodeIgniter->runController(Object(App\Controllers\Home))
 4 SYSTEMPATH\CodeIgniter.php(366): CodeIgniter\CodeIgniter->handleRequest(null, Object(Config\Cache), false)
 5 FCPATH\index.php(67): CodeIgniter\CodeIgniter->run()
CRITICAL - 2023-08-16 13:35:40 --> Undefined array key "prioridad"
in APPPATH\Controllers\Home.php on line 37.
 1 APPPATH\Controllers\Home.php(37): CodeIgniter\Debug\Exceptions->errorHandler(2, 'Undefined array key "prioridad"', 'C:\\laragon\\www\\Soporte-Dev-EP\\app\\Controllers\\Home.php', 37)
 2 SYSTEMPATH\CodeIgniter.php(932): App\Controllers\Home->guardar()
 3 SYSTEMPATH\CodeIgniter.php(497): CodeIgniter\CodeIgniter->runController(Object(App\Controllers\Home))
 4 SYSTEMPATH\CodeIgniter.php(366): CodeIgniter\CodeIgniter->handleRequest(null, Object(Config\Cache), false)
 5 FCPATH\index.php(67): CodeIgniter\CodeIgniter->run()
CRITICAL - 2023-08-16 13:35:56 --> Undefined array key "estado"
in APPPATH\Controllers\Home.php on line 38.
 1 APPPATH\Controllers\Home.php(38): CodeIgniter\Debug\Exceptions->errorHandler(2, 'Undefined array key "estado"', 'C:\\laragon\\www\\Soporte-Dev-EP\\app\\Controllers\\Home.php', 38)
 2 SYSTEMPATH\CodeIgniter.php(932): App\Controllers\Home->guardar()
 3 SYSTEMPATH\CodeIgniter.php(497): CodeIgniter\CodeIgniter->runController(Object(App\Controllers\Home))
 4 SYSTEMPATH\CodeIgniter.php(366): CodeIgniter\CodeIgniter->handleRequest(null, Object(Config\Cache), false)
 5 FCPATH\index.php(67): CodeIgniter\CodeIgniter->run()
CRITICAL - 2023-08-16 13:36:07 --> Undefined array key "respuesta"
in APPPATH\Controllers\Home.php on line 39.
 1 APPPATH\Controllers\Home.php(39): CodeIgniter\Debug\Exceptions->errorHandler(2, 'Undefined array key "respuesta"', 'C:\\laragon\\www\\Soporte-Dev-EP\\app\\Controllers\\Home.php', 39)
 2 SYSTEMPATH\CodeIgniter.php(932): App\Controllers\Home->guardar()
 3 SYSTEMPATH\CodeIgniter.php(497): CodeIgniter\CodeIgniter->runController(Object(App\Controllers\Home))
 4 SYSTEMPATH\CodeIgniter.php(366): CodeIgniter\CodeIgniter->handleRequest(null, Object(Config\Cache), false)
 5 FCPATH\index.php(67): CodeIgniter\CodeIgniter->run()
CRITICAL - 2023-08-16 13:36:24 --> Allowed fields must be specified for model: "App\Models\ItemsModels"
in SYSTEMPATH\BaseModel.php on line 1242.
 1 SYSTEMPATH\BaseModel.php(1242): CodeIgniter\Database\Exceptions\DataException::forInvalidAllowedFields('App\\Models\\ItemsModels')
 2 SYSTEMPATH\BaseModel.php(757): CodeIgniter\BaseModel->doProtectFields([...])
 3 SYSTEMPATH\Model.php(730): CodeIgniter\BaseModel->insert([...], true)
 4 APPPATH\Controllers\Home.php(42): CodeIgniter\Model->insert([...])
 5 SYSTEMPATH\CodeIgniter.php(932): App\Controllers\Home->guardar()
 6 SYSTEMPATH\CodeIgniter.php(497): CodeIgniter\CodeIgniter->runController(Object(App\Controllers\Home))
 7 SYSTEMPATH\CodeIgniter.php(366): CodeIgniter\CodeIgniter->handleRequest(null, Object(Config\Cache), false)
 8 FCPATH\index.php(67): CodeIgniter\CodeIgniter->run()
CRITICAL - 2023-08-16 13:41:19 --> Allowed fields must be specified for model: "App\Models\ItemsModels"
in SYSTEMPATH\BaseModel.php on line 1242.
 1 SYSTEMPATH\BaseModel.php(1242): CodeIgniter\Database\Exceptions\DataException::forInvalidAllowedFields('App\\Models\\ItemsModels')
 2 SYSTEMPATH\BaseModel.php(757): CodeIgniter\BaseModel->doProtectFields([...])
 3 SYSTEMPATH\Model.php(730): CodeIgniter\BaseModel->insert([...], true)
 4 APPPATH\Controllers\Home.php(42): CodeIgniter\Model->insert([...])
 5 SYSTEMPATH\CodeIgniter.php(932): App\Controllers\Home->guardar()
 6 SYSTEMPATH\CodeIgniter.php(497): CodeIgniter\CodeIgniter->runController(Object(App\Controllers\Home))
 7 SYSTEMPATH\CodeIgniter.php(366): CodeIgniter\CodeIgniter->handleRequest(null, Object(Config\Cache), false)
 8 FCPATH\index.php(67): CodeIgniter\CodeIgniter->run()
CRITICAL - 2023-08-16 13:50:06 --> Allowed fields must be specified for model: "App\Models\ItemsModels"
in SYSTEMPATH\BaseModel.php on line 1242.
 1 SYSTEMPATH\BaseModel.php(1242): CodeIgniter\Database\Exceptions\DataException::forInvalidAllowedFields('App\\Models\\ItemsModels')
 2 SYSTEMPATH\BaseModel.php(757): CodeIgniter\BaseModel->doProtectFields([...])
 3 SYSTEMPATH\Model.php(730): CodeIgniter\BaseModel->insert([...], true)
 4 APPPATH\Controllers\Home.php(50): CodeIgniter\Model->insert([...])
 5 SYSTEMPATH\CodeIgniter.php(932): App\Controllers\Home->guardar()
 6 SYSTEMPATH\CodeIgniter.php(497): CodeIgniter\CodeIgniter->runController(Object(App\Controllers\Home))
 7 SYSTEMPATH\CodeIgniter.php(366): CodeIgniter\CodeIgniter->handleRequest(null, Object(Config\Cache), false)
 8 FCPATH\index.php(67): CodeIgniter\CodeIgniter->run()
CRITICAL - 2023-08-16 13:50:39 --> Allowed fields must be specified for model: "App\Models\ItemsModels"
in SYSTEMPATH\BaseModel.php on line 1242.
 1 SYSTEMPATH\BaseModel.php(1242): CodeIgniter\Database\Exceptions\DataException::forInvalidAllowedFields('App\\Models\\ItemsModels')
 2 SYSTEMPATH\BaseModel.php(757): CodeIgniter\BaseModel->doProtectFields([...])
 3 SYSTEMPATH\Model.php(730): CodeIgniter\BaseModel->insert([...], true)
 4 APPPATH\Controllers\Home.php(50): CodeIgniter\Model->insert([...])
 5 SYSTEMPATH\CodeIgniter.php(932): App\Controllers\Home->guardar()
 6 SYSTEMPATH\CodeIgniter.php(497): CodeIgniter\CodeIgniter->runController(Object(App\Controllers\Home))
 7 SYSTEMPATH\CodeIgniter.php(366): CodeIgniter\CodeIgniter->handleRequest(null, Object(Config\Cache), false)
 8 FCPATH\index.php(67): CodeIgniter\CodeIgniter->run()
CRITICAL - 2023-08-16 13:56:39 --> Allowed fields must be specified for model: "App\Models\ItemsModels"
in SYSTEMPATH\BaseModel.php on line 1242.
 1 SYSTEMPATH\BaseModel.php(1242): CodeIgniter\Database\Exceptions\DataException::forInvalidAllowedFields('App\\Models\\ItemsModels')
 2 SYSTEMPATH\BaseModel.php(757): CodeIgniter\BaseModel->doProtectFields([...])
 3 SYSTEMPATH\Model.php(730): CodeIgniter\BaseModel->insert([...], true)
 4 APPPATH\Controllers\Home.php(50): CodeIgniter\Model->insert([...])
 5 SYSTEMPATH\CodeIgniter.php(932): App\Controllers\Home->guardar()
 6 SYSTEMPATH\CodeIgniter.php(497): CodeIgniter\CodeIgniter->runController(Object(App\Controllers\Home))
 7 SYSTEMPATH\CodeIgniter.php(366): CodeIgniter\CodeIgniter->handleRequest(null, Object(Config\Cache), false)
 8 FCPATH\index.php(67): CodeIgniter\CodeIgniter->run()
CRITICAL - 2023-08-16 14:17:48 --> Undefined variable $datos
in APPPATH\Views\pruebas.php on line 45.
 1 APPPATH\Views\pruebas.php(45): CodeIgniter\Debug\Exceptions->errorHandler(2, 'Undefined variable $datos', 'C:\\laragon\\www\\Soporte-Dev-EP\\app\\Views\\pruebas.php', 45)
 2 SYSTEMPATH\View\View.php(224): include('C:\\laragon\\www\\Soporte-Dev-EP\\app\\Views\\pruebas.php')
 3 SYSTEMPATH\View\View.php(227): CodeIgniter\View\View->CodeIgniter\View\{closure}()
 4 SYSTEMPATH\Common.php(1180): CodeIgniter\View\View->render('pruebas', [], true)
 5 APPPATH\Controllers\Home.php(28): view('pruebas')
 6 SYSTEMPATH\CodeIgniter.php(932): App\Controllers\Home->pruebas()
 7 SYSTEMPATH\CodeIgniter.php(497): CodeIgniter\CodeIgniter->runController(Object(App\Controllers\Home))
 8 SYSTEMPATH\CodeIgniter.php(366): CodeIgniter\CodeIgniter->handleRequest(null, Object(Config\Cache), false)
 9 FCPATH\index.php(67): CodeIgniter\CodeIgniter->run()
CRITICAL - 2023-08-16 14:29:48 --> Undefined variable $datos
in APPPATH\Views\pruebas.php on line 45.
 1 APPPATH\Views\pruebas.php(45): CodeIgniter\Debug\Exceptions->errorHandler(2, 'Undefined variable $datos', 'C:\\laragon\\www\\Soporte-Dev-EP\\app\\Views\\pruebas.php', 45)
 2 SYSTEMPATH\View\View.php(224): include('C:\\laragon\\www\\Soporte-Dev-EP\\app\\Views\\pruebas.php')
 3 SYSTEMPATH\View\View.php(227): CodeIgniter\View\View->CodeIgniter\View\{closure}()
 4 SYSTEMPATH\Common.php(1180): CodeIgniter\View\View->render('pruebas', [], true)
 5 APPPATH\Controllers\Home.php(28): view('pruebas')
 6 SYSTEMPATH\CodeIgniter.php(932): App\Controllers\Home->pruebas()
 7 SYSTEMPATH\CodeIgniter.php(497): CodeIgniter\CodeIgniter->runController(Object(App\Controllers\Home))
 8 SYSTEMPATH\CodeIgniter.php(366): CodeIgniter\CodeIgniter->handleRequest(null, Object(Config\Cache), false)
 9 FCPATH\index.php(67): CodeIgniter\CodeIgniter->run()
CRITICAL - 2023-08-16 14:29:49 --> Undefined variable $datos
in APPPATH\Views\pruebas.php on line 45.
 1 APPPATH\Views\pruebas.php(45): CodeIgniter\Debug\Exceptions->errorHandler(2, 'Undefined variable $datos', 'C:\\laragon\\www\\Soporte-Dev-EP\\app\\Views\\pruebas.php', 45)
 2 SYSTEMPATH\View\View.php(224): include('C:\\laragon\\www\\Soporte-Dev-EP\\app\\Views\\pruebas.php')
 3 SYSTEMPATH\View\View.php(227): CodeIgniter\View\View->CodeIgniter\View\{closure}()
 4 SYSTEMPATH\Common.php(1180): CodeIgniter\View\View->render('pruebas', [], true)
 5 APPPATH\Controllers\Home.php(28): view('pruebas')
 6 SYSTEMPATH\CodeIgniter.php(932): App\Controllers\Home->pruebas()
 7 SYSTEMPATH\CodeIgniter.php(497): CodeIgniter\CodeIgniter->runController(Object(App\Controllers\Home))
 8 SYSTEMPATH\CodeIgniter.php(366): CodeIgniter\CodeIgniter->handleRequest(null, Object(Config\Cache), false)
 9 FCPATH\index.php(67): CodeIgniter\CodeIgniter->run()
INFO - 2023-08-16 14:33:18 --> Session: Class initialized using 'CodeIgniter\Session\Handlers\FileHandler' driver.
CRITICAL - 2023-08-16 14:33:18 --> Undefined property: stdClass::$id_nombre
in APPPATH\Views\pruebas.php on line 51.
 1 APPPATH\Views\pruebas.php(51): CodeIgniter\Debug\Exceptions->errorHandler(2, 'Undefined property: stdClass::$id_nombre', 'C:\\laragon\\www\\Soporte-Dev-EP\\app\\Views\\pruebas.php', 51)
 2 SYSTEMPATH\View\View.php(224): include('C:\\laragon\\www\\Soporte-Dev-EP\\app\\Views\\pruebas.php')
 3 SYSTEMPATH\View\View.php(227): CodeIgniter\View\View->CodeIgniter\View\{closure}()
 4 SYSTEMPATH\Common.php(1180): CodeIgniter\View\View->render('pruebas', [], true)
 5 APPPATH\Controllers\Home.php(38): view('pruebas', [...])
 6 SYSTEMPATH\CodeIgniter.php(932): App\Controllers\Home->pruebas()
 7 SYSTEMPATH\CodeIgniter.php(497): CodeIgniter\CodeIgniter->runController(Object(App\Controllers\Home))
 8 SYSTEMPATH\CodeIgniter.php(366): CodeIgniter\CodeIgniter->handleRequest(null, Object(Config\Cache), false)
 9 FCPATH\index.php(67): CodeIgniter\CodeIgniter->run()
INFO - 2023-08-16 14:34:00 --> Session: Class initialized using 'CodeIgniter\Session\Handlers\FileHandler' driver.
INFO - 2023-08-16 14:37:39 --> Session: Class initialized using 'CodeIgniter\Session\Handlers\FileHandler' driver.
INFO - 2023-08-16 14:38:23 --> Session: Class initialized using 'CodeIgniter\Session\Handlers\FileHandler' driver.
INFO - 2023-08-16 14:38:31 --> Session: Class initialized using 'CodeIgniter\Session\Handlers\FileHandler' driver.
INFO - 2023-08-16 14:39:14 --> Session: Class initialized using 'CodeIgniter\Session\Handlers\FileHandler' driver.
INFO - 2023-08-16 14:39:21 --> Session: Class initialized using 'CodeIgniter\Session\Handlers\FileHandler' driver.
INFO - 2023-08-16 14:39:27 --> Session: Class initialized using 'CodeIgniter\Session\Handlers\FileHandler' driver.
INFO - 2023-08-16 14:41:04 --> Session: Class initialized using 'CodeIgniter\Session\Handlers\FileHandler' driver.
INFO - 2023-08-16 14:42:51 --> Session: Class initialized using 'CodeIgniter\Session\Handlers\FileHandler' driver.
CRITICAL - 2023-08-16 14:42:51 --> Undefined property: stdClass::$nombre
in APPPATH\Views\pruebas.php on line 47.
 1 APPPATH\Views\pruebas.php(47): CodeIgniter\Debug\Exceptions->errorHandler(2, 'Undefined property: stdClass::$nombre', 'C:\\laragon\\www\\Soporte-Dev-EP\\app\\Views\\pruebas.php', 47)
 2 SYSTEMPATH\View\View.php(224): include('C:\\laragon\\www\\Soporte-Dev-EP\\app\\Views\\pruebas.php')
 3 SYSTEMPATH\View\View.php(227): CodeIgniter\View\View->CodeIgniter\View\{closure}()
 4 SYSTEMPATH\Common.php(1180): CodeIgniter\View\View->render('pruebas', [], true)
 5 APPPATH\Controllers\Home.php(38): view('pruebas', [...])
 6 SYSTEMPATH\CodeIgniter.php(932): App\Controllers\Home->pruebas()
 7 SYSTEMPATH\CodeIgniter.php(497): CodeIgniter\CodeIgniter->runController(Object(App\Controllers\Home))
 8 SYSTEMPATH\CodeIgniter.php(366): CodeIgniter\CodeIgniter->handleRequest(null, Object(Config\Cache), false)
 9 FCPATH\index.php(67): CodeIgniter\CodeIgniter->run()
INFO - 2023-08-16 14:42:57 --> Session: Class initialized using 'CodeIgniter\Session\Handlers\FileHandler' driver.
CRITICAL - 2023-08-16 14:42:57 --> Undefined property: stdClass::$nombre
in APPPATH\Views\pruebas.php on line 47.
 1 APPPATH\Views\pruebas.php(47): CodeIgniter\Debug\Exceptions->errorHandler(2, 'Undefined property: stdClass::$nombre', 'C:\\laragon\\www\\Soporte-Dev-EP\\app\\Views\\pruebas.php', 47)
 2 SYSTEMPATH\View\View.php(224): include('C:\\laragon\\www\\Soporte-Dev-EP\\app\\Views\\pruebas.php')
 3 SYSTEMPATH\View\View.php(227): CodeIgniter\View\View->CodeIgniter\View\{closure}()
 4 SYSTEMPATH\Common.php(1180): CodeIgniter\View\View->render('pruebas', [], true)
 5 APPPATH\Controllers\Home.php(38): view('pruebas', [...])
 6 SYSTEMPATH\CodeIgniter.php(932): App\Controllers\Home->pruebas()
 7 SYSTEMPATH\CodeIgniter.php(497): CodeIgniter\CodeIgniter->runController(Object(App\Controllers\Home))
 8 SYSTEMPATH\CodeIgniter.php(366): CodeIgniter\CodeIgniter->handleRequest(null, Object(Config\Cache), false)
 9 FCPATH\index.php(67): CodeIgniter\CodeIgniter->run()
INFO - 2023-08-16 14:42:59 --> Session: Class initialized using 'CodeIgniter\Session\Handlers\FileHandler' driver.
CRITICAL - 2023-08-16 14:42:59 --> Undefined property: stdClass::$nombre
in APPPATH\Views\pruebas.php on line 47.
 1 APPPATH\Views\pruebas.php(47): CodeIgniter\Debug\Exceptions->errorHandler(2, 'Undefined property: stdClass::$nombre', 'C:\\laragon\\www\\Soporte-Dev-EP\\app\\Views\\pruebas.php', 47)
 2 SYSTEMPATH\View\View.php(224): include('C:\\laragon\\www\\Soporte-Dev-EP\\app\\Views\\pruebas.php')
 3 SYSTEMPATH\View\View.php(227): CodeIgniter\View\View->CodeIgniter\View\{closure}()
 4 SYSTEMPATH\Common.php(1180): CodeIgniter\View\View->render('pruebas', [], true)
 5 APPPATH\Controllers\Home.php(38): view('pruebas', [...])
 6 SYSTEMPATH\CodeIgniter.php(932): App\Controllers\Home->pruebas()
 7 SYSTEMPATH\CodeIgniter.php(497): CodeIgniter\CodeIgniter->runController(Object(App\Controllers\Home))
 8 SYSTEMPATH\CodeIgniter.php(366): CodeIgniter\CodeIgniter->handleRequest(null, Object(Config\Cache), false)
 9 FCPATH\index.php(67): CodeIgniter\CodeIgniter->run()
INFO - 2023-08-16 14:43:15 --> Session: Class initialized using 'CodeIgniter\Session\Handlers\FileHandler' driver.
INFO - 2023-08-16 14:48:10 --> Session: Class initialized using 'CodeIgniter\Session\Handlers\FileHandler' driver.
INFO - 2023-08-16 14:49:41 --> Session: Class initialized using 'CodeIgniter\Session\Handlers\FileHandler' driver.
CRITICAL - 2023-08-16 14:49:41 --> Undefined property: stdClass::$materno
in APPPATH\Views\pruebas.php on line 49.
 1 APPPATH\Views\pruebas.php(49): CodeIgniter\Debug\Exceptions->errorHandler(2, 'Undefined property: stdClass::$materno', 'C:\\laragon\\www\\Soporte-Dev-EP\\app\\Views\\pruebas.php', 49)
 2 SYSTEMPATH\View\View.php(224): include('C:\\laragon\\www\\Soporte-Dev-EP\\app\\Views\\pruebas.php')
 3 SYSTEMPATH\View\View.php(227): CodeIgniter\View\View->CodeIgniter\View\{closure}()
 4 SYSTEMPATH\Common.php(1180): CodeIgniter\View\View->render('pruebas', [], true)
 5 APPPATH\Controllers\Home.php(33): view('pruebas', [...])
 6 SYSTEMPATH\CodeIgniter.php(932): App\Controllers\Home->pruebas()
 7 SYSTEMPATH\CodeIgniter.php(497): CodeIgniter\CodeIgniter->runController(Object(App\Controllers\Home))
 8 SYSTEMPATH\CodeIgniter.php(366): CodeIgniter\CodeIgniter->handleRequest(null, Object(Config\Cache), false)
 9 FCPATH\index.php(67): CodeIgniter\CodeIgniter->run()
INFO - 2023-08-16 14:49:53 --> Session: Class initialized using 'CodeIgniter\Session\Handlers\FileHandler' driver.
INFO - 2023-08-16 14:53:40 --> Session: Class initialized using 'CodeIgniter\Session\Handlers\FileHandler' driver.
INFO - 2023-08-16 15:08:23 --> Session: Class initialized using 'CodeIgniter\Session\Handlers\FileHandler' driver.
CRITICAL - 2023-08-16 15:08:37 --> Undefined array key "descripcion_problema"
in APPPATH\Controllers\Home.php on line 37.
 1 APPPATH\Controllers\Home.php(37): CodeIgniter\Debug\Exceptions->errorHandler(2, 'Undefined array key "descripcion_problema"', 'C:\\laragon\\www\\Soporte-Dev-EP\\app\\Controllers\\Home.php', 37)
 2 SYSTEMPATH\CodeIgniter.php(932): App\Controllers\Home->crear()
 3 SYSTEMPATH\CodeIgniter.php(497): CodeIgniter\CodeIgniter->runController(Object(App\Controllers\Home))
 4 SYSTEMPATH\CodeIgniter.php(366): CodeIgniter\CodeIgniter->handleRequest(null, Object(Config\Cache), false)
 5 FCPATH\index.php(67): CodeIgniter\CodeIgniter->run()
INFO - 2023-08-16 15:09:19 --> Session: Class initialized using 'CodeIgniter\Session\Handlers\FileHandler' driver.
INFO - 2023-08-16 15:09:31 --> Session: Class initialized using 'CodeIgniter\Session\Handlers\FileHandler' driver.
INFO - 2023-08-16 15:11:20 --> Session: Class initialized using 'CodeIgniter\Session\Handlers\FileHandler' driver.
INFO - 2023-08-16 15:11:30 --> Session: Class initialized using 'CodeIgniter\Session\Handlers\FileHandler' driver.
INFO - 2023-08-16 15:12:40 --> Session: Class initialized using 'CodeIgniter\Session\Handlers\FileHandler' driver.
INFO - 2023-08-16 15:12:53 --> Session: Class initialized using 'CodeIgniter\Session\Handlers\FileHandler' driver.
INFO - 2023-08-16 15:13:09 --> Session: Class initialized using 'CodeIgniter\Session\Handlers\FileHandler' driver.
INFO - 2023-08-16 15:13:30 --> Session: Class initialized using 'CodeIgniter\Session\Handlers\FileHandler' driver.
INFO - 2023-08-16 15:15:01 --> Session: Class initialized using 'CodeIgniter\Session\Handlers\FileHandler' driver.
INFO - 2023-08-16 15:15:04 --> Session: Class initialized using 'CodeIgniter\Session\Handlers\FileHandler' driver.
INFO - 2023-08-16 15:15:15 --> Session: Class initialized using 'CodeIgniter\Session\Handlers\FileHandler' driver.
INFO - 2023-08-16 15:17:21 --> Session: Class initialized using 'CodeIgniter\Session\Handlers\FileHandler' driver.
INFO - 2023-08-16 15:59:26 --> Session: Class initialized using 'CodeIgniter\Session\Handlers\FileHandler' driver.
INFO - 2023-08-16 15:59:43 --> Session: Class initialized using 'CodeIgniter\Session\Handlers\FileHandler' driver.
INFO - 2023-08-16 16:02:59 --> Session: Class initialized using 'CodeIgniter\Session\Handlers\FileHandler' driver.
INFO - 2023-08-16 16:03:26 --> Session: Class initialized using 'CodeIgniter\Session\Handlers\FileHandler' driver.
INFO - 2023-08-16 16:03:37 --> Session: Class initialized using 'CodeIgniter\Session\Handlers\FileHandler' driver.
INFO - 2023-08-16 16:04:13 --> Session: Class initialized using 'CodeIgniter\Session\Handlers\FileHandler' driver.
INFO - 2023-08-16 16:04:25 --> Session: Class initialized using 'CodeIgniter\Session\Handlers\FileHandler' driver.
INFO - 2023-08-16 16:06:03 --> Session: Class initialized using 'CodeIgniter\Session\Handlers\FileHandler' driver.
INFO - 2023-08-16 16:06:27 --> Session: Class initialized using 'CodeIgniter\Session\Handlers\FileHandler' driver.
INFO - 2023-08-16 16:06:39 --> Session: Class initialized using 'CodeIgniter\Session\Handlers\FileHandler' driver.
INFO - 2023-08-16 16:08:21 --> Session: Class initialized using 'CodeIgniter\Session\Handlers\FileHandler' driver.
INFO - 2023-08-16 16:08:26 --> Session: Class initialized using 'CodeIgniter\Session\Handlers\FileHandler' driver.
INFO - 2023-08-16 16:20:47 --> Session: Class initialized using 'CodeIgniter\Session\Handlers\FileHandler' driver.
INFO - 2023-08-16 16:33:10 --> Session: Class initialized using 'CodeIgniter\Session\Handlers\FileHandler' driver.
INFO - 2023-08-16 16:33:31 --> Session: Class initialized using 'CodeIgniter\Session\Handlers\FileHandler' driver.
INFO - 2023-08-16 16:34:01 --> Session: Class initialized using 'CodeIgniter\Session\Handlers\FileHandler' driver.
INFO - 2023-08-16 16:34:20 --> Session: Class initialized using 'CodeIgniter\Session\Handlers\FileHandler' driver.
INFO - 2023-08-16 16:34:48 --> Session: Class initialized using 'CodeIgniter\Session\Handlers\FileHandler' driver.
INFO - 2023-08-16 16:35:07 --> Session: Class initialized using 'CodeIgniter\Session\Handlers\FileHandler' driver.
INFO - 2023-08-16 16:35:22 --> Session: Class initialized using 'CodeIgniter\Session\Handlers\FileHandler' driver.
INFO - 2023-08-16 16:35:32 --> Session: Class initialized using 'CodeIgniter\Session\Handlers\FileHandler' driver.
INFO - 2023-08-16 16:35:57 --> Session: Class initialized using 'CodeIgniter\Session\Handlers\FileHandler' driver.
INFO - 2023-08-16 16:36:30 --> Session: Class initialized using 'CodeIgniter\Session\Handlers\FileHandler' driver.
INFO - 2023-08-16 16:36:30 --> Session: Class initialized using 'CodeIgniter\Session\Handlers\FileHandler' driver.
INFO - 2023-08-16 16:37:06 --> Session: Class initialized using 'CodeIgniter\Session\Handlers\FileHandler' driver.
INFO - 2023-08-16 16:37:06 --> Session: Class initialized using 'CodeIgniter\Session\Handlers\FileHandler' driver.
ERROR - 2023-08-16 16:38:08 --> mysqli_sql_exception: Unknown column 'id_nombre' in 'where clause' in C:\laragon\www\Soporte-Dev-EP\system\Database\MySQLi\Connection.php:295
Stack trace:
#0 C:\laragon\www\Soporte-Dev-EP\system\Database\MySQLi\Connection.php(295): mysqli->query('SELECT *\nFROM `...', 0)
#1 C:\laragon\www\Soporte-Dev-EP\system\Database\BaseConnection.php(692): CodeIgniter\Database\MySQLi\Connection->execute('SELECT *\nFROM `...')
#2 C:\laragon\www\Soporte-Dev-EP\system\Database\BaseConnection.php(606): CodeIgniter\Database\BaseConnection->simpleQuery('SELECT *\nFROM `...')
#3 C:\laragon\www\Soporte-Dev-EP\system\Database\BaseBuilder.php(1616): CodeIgniter\Database\BaseConnection->query('SELECT *\nFROM `...', Array, false)
#4 C:\laragon\www\Soporte-Dev-EP\app\Models\CrudModel.php(20): CodeIgniter\Database\BaseBuilder->get()
#5 C:\laragon\www\Soporte-Dev-EP\app\Controllers\Home.php(76): App\Models\CrudModel->obtenerNombre(Array)
#6 C:\laragon\www\Soporte-Dev-EP\system\CodeIgniter.php(932): App\Controllers\Home->obtenerNombre('$ket->id')
#7 C:\laragon\www\Soporte-Dev-EP\system\CodeIgniter.php(497): CodeIgniter\CodeIgniter->runController(Object(App\Controllers\Home))
#8 C:\laragon\www\Soporte-Dev-EP\system\CodeIgniter.php(366): CodeIgniter\CodeIgniter->handleRequest(NULL, Object(Config\Cache), false)
#9 C:\laragon\www\Soporte-Dev-EP\public\index.php(67): CodeIgniter\CodeIgniter->run()
#10 {main}
CRITICAL - 2023-08-16 16:38:08 --> Unknown column 'id_nombre' in 'where clause'
in SYSTEMPATH\Database\MySQLi\Connection.php on line 295.
 1 SYSTEMPATH\Database\MySQLi\Connection.php(295): mysqli->query('SELECT *
FROM `solicitud`
WHERE `id_nombre` = \'$ket->id\'', 0)
 2 SYSTEMPATH\Database\BaseConnection.php(692): CodeIgniter\Database\MySQLi\Connection->execute('SELECT *
FROM `solicitud`
WHERE `id_nombre` = \'$ket->id\'')
 3 SYSTEMPATH\Database\BaseConnection.php(606): CodeIgniter\Database\BaseConnection->simpleQuery('SELECT *
FROM `solicitud`
WHERE `id_nombre` = \'$ket->id\'')
 4 SYSTEMPATH\Database\BaseBuilder.php(1616): CodeIgniter\Database\BaseConnection->query('SELECT *
FROM `solicitud`
WHERE `id_nombre` = :id_nombre:', [...], false)
 5 APPPATH\Models\CrudModel.php(20): CodeIgniter\Database\BaseBuilder->get()
 6 APPPATH\Controllers\Home.php(76): App\Models\CrudModel->obtenerNombre([...])
 7 SYSTEMPATH\CodeIgniter.php(932): App\Controllers\Home->obtenerNombre('$ket->id')
 8 SYSTEMPATH\CodeIgniter.php(497): CodeIgniter\CodeIgniter->runController(Object(App\Controllers\Home))
 9 SYSTEMPATH\CodeIgniter.php(366): CodeIgniter\CodeIgniter->handleRequest(null, Object(Config\Cache), false)
10 FCPATH\index.php(67): CodeIgniter\CodeIgniter->run()
INFO - 2023-08-16 18:18:26 --> Session: Class initialized using 'CodeIgniter\Session\Handlers\FileHandler' driver.
INFO - 2023-08-16 18:18:54 --> Session: Class initialized using 'CodeIgniter\Session\Handlers\FileHandler' driver.
INFO - 2023-08-16 18:18:54 --> Session: Class initialized using 'CodeIgniter\Session\Handlers\FileHandler' driver.
INFO - 2023-08-16 18:24:20 --> Session: Class initialized using 'CodeIgniter\Session\Handlers\FileHandler' driver.
INFO - 2023-08-16 18:24:32 --> Session: Class initialized using 'CodeIgniter\Session\Handlers\FileHandler' driver.
CRITICAL - 2023-08-16 18:24:57 --> Undefined variable $ket
in APPPATH\Views\SolicitudSoporte.php on line 515.
 1 APPPATH\Views\SolicitudSoporte.php(515): CodeIgniter\Debug\Exceptions->errorHandler(2, 'Undefined variable $ket', 'C:\\laragon\\www\\Soporte-Dev-EP\\app\\Views\\SolicitudSoporte.php', 515)
 2 SYSTEMPATH\View\View.php(224): include('C:\\laragon\\www\\Soporte-Dev-EP\\app\\Views\\SolicitudSoporte.php')
 3 SYSTEMPATH\View\View.php(227): CodeIgniter\View\View->CodeIgniter\View\{closure}()
 4 SYSTEMPATH\Common.php(1180): CodeIgniter\View\View->render('SolicitudSoporte', [], true)
 5 APPPATH\Controllers\Home.php(20): view('SolicitudSoporte', [...])
 6 SYSTEMPATH\CodeIgniter.php(932): App\Controllers\Home->SolicitudSoporte()
 7 SYSTEMPATH\CodeIgniter.php(497): CodeIgniter\CodeIgniter->runController(Object(App\Controllers\Home))
 8 SYSTEMPATH\CodeIgniter.php(366): CodeIgniter\CodeIgniter->handleRequest(null, Object(Config\Cache), false)
 9 FCPATH\index.php(67): CodeIgniter\CodeIgniter->run()
CRITICAL - 2023-08-16 18:24:57 --> Undefined variable $ket
in APPPATH\Views\SolicitudSoporte.php on line 515.
 1 APPPATH\Views\SolicitudSoporte.php(515): CodeIgniter\Debug\Exceptions->errorHandler(2, 'Undefined variable $ket', 'C:\\laragon\\www\\Soporte-Dev-EP\\app\\Views\\SolicitudSoporte.php', 515)
 2 SYSTEMPATH\View\View.php(224): include('C:\\laragon\\www\\Soporte-Dev-EP\\app\\Views\\SolicitudSoporte.php')
 3 SYSTEMPATH\View\View.php(227): CodeIgniter\View\View->CodeIgniter\View\{closure}()
 4 SYSTEMPATH\Common.php(1180): CodeIgniter\View\View->render('SolicitudSoporte', [], true)
 5 APPPATH\Controllers\Home.php(20): view('SolicitudSoporte', [...])
 6 SYSTEMPATH\CodeIgniter.php(932): App\Controllers\Home->SolicitudSoporte()
 7 SYSTEMPATH\CodeIgniter.php(497): CodeIgniter\CodeIgniter->runController(Object(App\Controllers\Home))
 8 SYSTEMPATH\CodeIgniter.php(366): CodeIgniter\CodeIgniter->handleRequest(null, Object(Config\Cache), false)
 9 FCPATH\index.php(67): CodeIgniter\CodeIgniter->run()
INFO - 2023-08-16 18:24:57 --> Session: Class initialized using 'CodeIgniter\Session\Handlers\FileHandler' driver.
CRITICAL - 2023-08-16 18:24:57 --> Undefined variable $ket
in APPPATH\Views\SolicitudSoporte.php on line 515.
 1 APPPATH\Views\SolicitudSoporte.php(515): CodeIgniter\Debug\Exceptions->errorHandler(2, 'Undefined variable $ket', 'C:\\laragon\\www\\Soporte-Dev-EP\\app\\Views\\SolicitudSoporte.php', 515)
 2 SYSTEMPATH\View\View.php(224): include('C:\\laragon\\www\\Soporte-Dev-EP\\app\\Views\\SolicitudSoporte.php')
 3 SYSTEMPATH\View\View.php(227): CodeIgniter\View\View->CodeIgniter\View\{closure}()
 4 SYSTEMPATH\Common.php(1180): CodeIgniter\View\View->render('SolicitudSoporte', [], true)
 5 APPPATH\Controllers\Home.php(20): view('SolicitudSoporte', [...])
 6 SYSTEMPATH\CodeIgniter.php(932): App\Controllers\Home->SolicitudSoporte()
 7 SYSTEMPATH\CodeIgniter.php(497): CodeIgniter\CodeIgniter->runController(Object(App\Controllers\Home))
 8 SYSTEMPATH\CodeIgniter.php(366): CodeIgniter\CodeIgniter->handleRequest(null, Object(Config\Cache), false)
 9 FCPATH\index.php(67): CodeIgniter\CodeIgniter->run()
INFO - 2023-08-16 18:25:10 --> Session: Class initialized using 'CodeIgniter\Session\Handlers\FileHandler' driver.
ERROR - 2023-08-16 18:25:27 --> mysqli_sql_exception: Unknown column 'id_nombre' in 'where clause' in C:\laragon\www\Soporte-Dev-EP\system\Database\MySQLi\Connection.php:295
Stack trace:
#0 C:\laragon\www\Soporte-Dev-EP\system\Database\MySQLi\Connection.php(295): mysqli->query('SELECT *\nFROM `...', 0)
#1 C:\laragon\www\Soporte-Dev-EP\system\Database\BaseConnection.php(692): CodeIgniter\Database\MySQLi\Connection->execute('SELECT *\nFROM `...')
#2 C:\laragon\www\Soporte-Dev-EP\system\Database\BaseConnection.php(606): CodeIgniter\Database\BaseConnection->simpleQuery('SELECT *\nFROM `...')
#3 C:\laragon\www\Soporte-Dev-EP\system\Database\BaseBuilder.php(1616): CodeIgniter\Database\BaseConnection->query('SELECT *\nFROM `...', Array, false)
#4 C:\laragon\www\Soporte-Dev-EP\app\Models\CrudModel.php(20): CodeIgniter\Database\BaseBuilder->get()
#5 C:\laragon\www\Soporte-Dev-EP\app\Controllers\Home.php(76): App\Models\CrudModel->obtenerNombre(Array)
#6 C:\laragon\www\Soporte-Dev-EP\system\CodeIgniter.php(932): App\Controllers\Home->obtenerNombre('$ket->id')
#7 C:\laragon\www\Soporte-Dev-EP\system\CodeIgniter.php(497): CodeIgniter\CodeIgniter->runController(Object(App\Controllers\Home))
#8 C:\laragon\www\Soporte-Dev-EP\system\CodeIgniter.php(366): CodeIgniter\CodeIgniter->handleRequest(NULL, Object(Config\Cache), false)
#9 C:\laragon\www\Soporte-Dev-EP\public\index.php(67): CodeIgniter\CodeIgniter->run()
#10 {main}
CRITICAL - 2023-08-16 18:25:27 --> Unknown column 'id_nombre' in 'where clause'
in SYSTEMPATH\Database\MySQLi\Connection.php on line 295.
 1 SYSTEMPATH\Database\MySQLi\Connection.php(295): mysqli->query('SELECT *
FROM `solicitud`
WHERE `id_nombre` = \'$ket->id\'', 0)
 2 SYSTEMPATH\Database\BaseConnection.php(692): CodeIgniter\Database\MySQLi\Connection->execute('SELECT *
FROM `solicitud`
WHERE `id_nombre` = \'$ket->id\'')
 3 SYSTEMPATH\Database\BaseConnection.php(606): CodeIgniter\Database\BaseConnection->simpleQuery('SELECT *
FROM `solicitud`
WHERE `id_nombre` = \'$ket->id\'')
 4 SYSTEMPATH\Database\BaseBuilder.php(1616): CodeIgniter\Database\BaseConnection->query('SELECT *
FROM `solicitud`
WHERE `id_nombre` = :id_nombre:', [...], false)
 5 APPPATH\Models\CrudModel.php(20): CodeIgniter\Database\BaseBuilder->get()
 6 APPPATH\Controllers\Home.php(76): App\Models\CrudModel->obtenerNombre([...])
 7 SYSTEMPATH\CodeIgniter.php(932): App\Controllers\Home->obtenerNombre('$ket->id')
 8 SYSTEMPATH\CodeIgniter.php(497): CodeIgniter\CodeIgniter->runController(Object(App\Controllers\Home))
 9 SYSTEMPATH\CodeIgniter.php(366): CodeIgniter\CodeIgniter->handleRequest(null, Object(Config\Cache), false)
10 FCPATH\index.php(67): CodeIgniter\CodeIgniter->run()
INFO - 2023-08-16 18:25:47 --> Session: Class initialized using 'CodeIgniter\Session\Handlers\FileHandler' driver.
INFO - 2023-08-16 18:27:30 --> Session: Class initialized using 'CodeIgniter\Session\Handlers\FileHandler' driver.
CRITICAL - 2023-08-16 18:27:30 --> Undefined variable $ket
in APPPATH\Views\SolicitudSoporte.php on line 515.
 1 APPPATH\Views\SolicitudSoporte.php(515): CodeIgniter\Debug\Exceptions->errorHandler(2, 'Undefined variable $ket', 'C:\\laragon\\www\\Soporte-Dev-EP\\app\\Views\\SolicitudSoporte.php', 515)
 2 SYSTEMPATH\View\View.php(224): include('C:\\laragon\\www\\Soporte-Dev-EP\\app\\Views\\SolicitudSoporte.php')
 3 SYSTEMPATH\View\View.php(227): CodeIgniter\View\View->CodeIgniter\View\{closure}()
 4 SYSTEMPATH\Common.php(1180): CodeIgniter\View\View->render('SolicitudSoporte', [], true)
 5 APPPATH\Controllers\Home.php(20): view('SolicitudSoporte', [...])
 6 SYSTEMPATH\CodeIgniter.php(932): App\Controllers\Home->SolicitudSoporte()
 7 SYSTEMPATH\CodeIgniter.php(497): CodeIgniter\CodeIgniter->runController(Object(App\Controllers\Home))
 8 SYSTEMPATH\CodeIgniter.php(366): CodeIgniter\CodeIgniter->handleRequest(null, Object(Config\Cache), false)
 9 FCPATH\index.php(67): CodeIgniter\CodeIgniter->run()
INFO - 2023-08-16 18:28:09 --> Session: Class initialized using 'CodeIgniter\Session\Handlers\FileHandler' driver.
ERROR - 2023-08-16 18:28:15 --> mysqli_sql_exception: Unknown column 'id_nombre' in 'where clause' in C:\laragon\www\Soporte-Dev-EP\system\Database\MySQLi\Connection.php:295
Stack trace:
#0 C:\laragon\www\Soporte-Dev-EP\system\Database\MySQLi\Connection.php(295): mysqli->query('SELECT *\nFROM `...', 0)
#1 C:\laragon\www\Soporte-Dev-EP\system\Database\BaseConnection.php(692): CodeIgniter\Database\MySQLi\Connection->execute('SELECT *\nFROM `...')
#2 C:\laragon\www\Soporte-Dev-EP\system\Database\BaseConnection.php(606): CodeIgniter\Database\BaseConnection->simpleQuery('SELECT *\nFROM `...')
#3 C:\laragon\www\Soporte-Dev-EP\system\Database\BaseBuilder.php(1616): CodeIgniter\Database\BaseConnection->query('SELECT *\nFROM `...', Array, false)
#4 C:\laragon\www\Soporte-Dev-EP\app\Models\CrudModel.php(20): CodeIgniter\Database\BaseBuilder->get()
#5 C:\laragon\www\Soporte-Dev-EP\app\Controllers\Home.php(76): App\Models\CrudModel->obtenerNombre(Array)
#6 C:\laragon\www\Soporte-Dev-EP\system\CodeIgniter.php(932): App\Controllers\Home->obtenerNombre('1')
#7 C:\laragon\www\Soporte-Dev-EP\system\CodeIgniter.php(497): CodeIgniter\CodeIgniter->runController(Object(App\Controllers\Home))
#8 C:\laragon\www\Soporte-Dev-EP\system\CodeIgniter.php(366): CodeIgniter\CodeIgniter->handleRequest(NULL, Object(Config\Cache), false)
#9 C:\laragon\www\Soporte-Dev-EP\public\index.php(67): CodeIgniter\CodeIgniter->run()
#10 {main}
CRITICAL - 2023-08-16 18:28:15 --> Unknown column 'id_nombre' in 'where clause'
in SYSTEMPATH\Database\MySQLi\Connection.php on line 295.
 1 SYSTEMPATH\Database\MySQLi\Connection.php(295): mysqli->query('SELECT *
FROM `solicitud`
WHERE `id_nombre` = \'1\'', 0)
 2 SYSTEMPATH\Database\BaseConnection.php(692): CodeIgniter\Database\MySQLi\Connection->execute('SELECT *
FROM `solicitud`
WHERE `id_nombre` = \'1\'')
 3 SYSTEMPATH\Database\BaseConnection.php(606): CodeIgniter\Database\BaseConnection->simpleQuery('SELECT *
FROM `solicitud`
WHERE `id_nombre` = \'1\'')
 4 SYSTEMPATH\Database\BaseBuilder.php(1616): CodeIgniter\Database\BaseConnection->query('SELECT *
FROM `solicitud`
WHERE `id_nombre` = :id_nombre:', [...], false)
 5 APPPATH\Models\CrudModel.php(20): CodeIgniter\Database\BaseBuilder->get()
 6 APPPATH\Controllers\Home.php(76): App\Models\CrudModel->obtenerNombre([...])
 7 SYSTEMPATH\CodeIgniter.php(932): App\Controllers\Home->obtenerNombre('1')
 8 SYSTEMPATH\CodeIgniter.php(497): CodeIgniter\CodeIgniter->runController(Object(App\Controllers\Home))
 9 SYSTEMPATH\CodeIgniter.php(366): CodeIgniter\CodeIgniter->handleRequest(null, Object(Config\Cache), false)
10 FCPATH\index.php(67): CodeIgniter\CodeIgniter->run()
INFO - 2023-08-16 18:28:18 --> Session: Class initialized using 'CodeIgniter\Session\Handlers\FileHandler' driver.
ERROR - 2023-08-16 18:28:22 --> mysqli_sql_exception: Unknown column 'id_nombre' in 'where clause' in C:\laragon\www\Soporte-Dev-EP\system\Database\MySQLi\Connection.php:295
Stack trace:
#0 C:\laragon\www\Soporte-Dev-EP\system\Database\MySQLi\Connection.php(295): mysqli->query('SELECT *\nFROM `...', 0)
#1 C:\laragon\www\Soporte-Dev-EP\system\Database\BaseConnection.php(692): CodeIgniter\Database\MySQLi\Connection->execute('SELECT *\nFROM `...')
#2 C:\laragon\www\Soporte-Dev-EP\system\Database\BaseConnection.php(606): CodeIgniter\Database\BaseConnection->simpleQuery('SELECT *\nFROM `...')
#3 C:\laragon\www\Soporte-Dev-EP\system\Database\BaseBuilder.php(1616): CodeIgniter\Database\BaseConnection->query('SELECT *\nFROM `...', Array, false)
#4 C:\laragon\www\Soporte-Dev-EP\app\Models\CrudModel.php(20): CodeIgniter\Database\BaseBuilder->get()
#5 C:\laragon\www\Soporte-Dev-EP\app\Controllers\Home.php(76): App\Models\CrudModel->obtenerNombre(Array)
#6 C:\laragon\www\Soporte-Dev-EP\system\CodeIgniter.php(932): App\Controllers\Home->obtenerNombre('5')
#7 C:\laragon\www\Soporte-Dev-EP\system\CodeIgniter.php(497): CodeIgniter\CodeIgniter->runController(Object(App\Controllers\Home))
#8 C:\laragon\www\Soporte-Dev-EP\system\CodeIgniter.php(366): CodeIgniter\CodeIgniter->handleRequest(NULL, Object(Config\Cache), false)
#9 C:\laragon\www\Soporte-Dev-EP\public\index.php(67): CodeIgniter\CodeIgniter->run()
#10 {main}
CRITICAL - 2023-08-16 18:28:22 --> Unknown column 'id_nombre' in 'where clause'
in SYSTEMPATH\Database\MySQLi\Connection.php on line 295.
 1 SYSTEMPATH\Database\MySQLi\Connection.php(295): mysqli->query('SELECT *
FROM `solicitud`
WHERE `id_nombre` = \'5\'', 0)
 2 SYSTEMPATH\Database\BaseConnection.php(692): CodeIgniter\Database\MySQLi\Connection->execute('SELECT *
FROM `solicitud`
WHERE `id_nombre` = \'5\'')
 3 SYSTEMPATH\Database\BaseConnection.php(606): CodeIgniter\Database\BaseConnection->simpleQuery('SELECT *
FROM `solicitud`
WHERE `id_nombre` = \'5\'')
 4 SYSTEMPATH\Database\BaseBuilder.php(1616): CodeIgniter\Database\BaseConnection->query('SELECT *
FROM `solicitud`
WHERE `id_nombre` = :id_nombre:', [...], false)
 5 APPPATH\Models\CrudModel.php(20): CodeIgniter\Database\BaseBuilder->get()
 6 APPPATH\Controllers\Home.php(76): App\Models\CrudModel->obtenerNombre([...])
 7 SYSTEMPATH\CodeIgniter.php(932): App\Controllers\Home->obtenerNombre('5')
 8 SYSTEMPATH\CodeIgniter.php(497): CodeIgniter\CodeIgniter->runController(Object(App\Controllers\Home))
 9 SYSTEMPATH\CodeIgniter.php(366): CodeIgniter\CodeIgniter->handleRequest(null, Object(Config\Cache), false)
10 FCPATH\index.php(67): CodeIgniter\CodeIgniter->run()
INFO - 2023-08-16 18:28:24 --> Session: Class initialized using 'CodeIgniter\Session\Handlers\FileHandler' driver.
ERROR - 2023-08-16 18:35:51 --> mysqli_sql_exception: Unknown column 'id_nombre' in 'where clause' in C:\laragon\www\Soporte-Dev-EP\system\Database\MySQLi\Connection.php:295
Stack trace:
#0 C:\laragon\www\Soporte-Dev-EP\system\Database\MySQLi\Connection.php(295): mysqli->query('SELECT *\nFROM `...', 0)
#1 C:\laragon\www\Soporte-Dev-EP\system\Database\BaseConnection.php(692): CodeIgniter\Database\MySQLi\Connection->execute('SELECT *\nFROM `...')
#2 C:\laragon\www\Soporte-Dev-EP\system\Database\BaseConnection.php(606): CodeIgniter\Database\BaseConnection->simpleQuery('SELECT *\nFROM `...')
#3 C:\laragon\www\Soporte-Dev-EP\system\Database\BaseBuilder.php(1616): CodeIgniter\Database\BaseConnection->query('SELECT *\nFROM `...', Array, false)
#4 C:\laragon\www\Soporte-Dev-EP\app\Models\CrudModel.php(20): CodeIgniter\Database\BaseBuilder->get()
#5 C:\laragon\www\Soporte-Dev-EP\app\Controllers\Home.php(76): App\Models\CrudModel->obtenerNombre(Array)
#6 C:\laragon\www\Soporte-Dev-EP\system\CodeIgniter.php(932): App\Controllers\Home->obtenerNombre('1')
#7 C:\laragon\www\Soporte-Dev-EP\system\CodeIgniter.php(497): CodeIgniter\CodeIgniter->runController(Object(App\Controllers\Home))
#8 C:\laragon\www\Soporte-Dev-EP\system\CodeIgniter.php(366): CodeIgniter\CodeIgniter->handleRequest(NULL, Object(Config\Cache), false)
#9 C:\laragon\www\Soporte-Dev-EP\public\index.php(67): CodeIgniter\CodeIgniter->run()
#10 {main}
CRITICAL - 2023-08-16 18:35:51 --> Unknown column 'id_nombre' in 'where clause'
in SYSTEMPATH\Database\MySQLi\Connection.php on line 295.
 1 SYSTEMPATH\Database\MySQLi\Connection.php(295): mysqli->query('SELECT *
FROM `solicitud`
WHERE `id_nombre` = \'1\'', 0)
 2 SYSTEMPATH\Database\BaseConnection.php(692): CodeIgniter\Database\MySQLi\Connection->execute('SELECT *
FROM `solicitud`
WHERE `id_nombre` = \'1\'')
 3 SYSTEMPATH\Database\BaseConnection.php(606): CodeIgniter\Database\BaseConnection->simpleQuery('SELECT *
FROM `solicitud`
WHERE `id_nombre` = \'1\'')
 4 SYSTEMPATH\Database\BaseBuilder.php(1616): CodeIgniter\Database\BaseConnection->query('SELECT *
FROM `solicitud`
WHERE `id_nombre` = :id_nombre:', [...], false)
 5 APPPATH\Models\CrudModel.php(20): CodeIgniter\Database\BaseBuilder->get()
 6 APPPATH\Controllers\Home.php(76): App\Models\CrudModel->obtenerNombre([...])
 7 SYSTEMPATH\CodeIgniter.php(932): App\Controllers\Home->obtenerNombre('1')
 8 SYSTEMPATH\CodeIgniter.php(497): CodeIgniter\CodeIgniter->runController(Object(App\Controllers\Home))
 9 SYSTEMPATH\CodeIgniter.php(366): CodeIgniter\CodeIgniter->handleRequest(null, Object(Config\Cache), false)
10 FCPATH\index.php(67): CodeIgniter\CodeIgniter->run()
ERROR - 2023-08-16 18:36:37 --> mysqli_sql_exception: Unknown column 'id_nombre' in 'where clause' in C:\laragon\www\Soporte-Dev-EP\system\Database\MySQLi\Connection.php:295
Stack trace:
#0 C:\laragon\www\Soporte-Dev-EP\system\Database\MySQLi\Connection.php(295): mysqli->query('SELECT *\nFROM `...', 0)
#1 C:\laragon\www\Soporte-Dev-EP\system\Database\BaseConnection.php(692): CodeIgniter\Database\MySQLi\Connection->execute('SELECT *\nFROM `...')
#2 C:\laragon\www\Soporte-Dev-EP\system\Database\BaseConnection.php(606): CodeIgniter\Database\BaseConnection->simpleQuery('SELECT *\nFROM `...')
#3 C:\laragon\www\Soporte-Dev-EP\system\Database\BaseBuilder.php(1616): CodeIgniter\Database\BaseConnection->query('SELECT *\nFROM `...', Array, false)
#4 C:\laragon\www\Soporte-Dev-EP\app\Models\CrudModel.php(20): CodeIgniter\Database\BaseBuilder->get()
#5 C:\laragon\www\Soporte-Dev-EP\app\Controllers\Home.php(76): App\Models\CrudModel->obtenerNombre(Array)
#6 C:\laragon\www\Soporte-Dev-EP\system\CodeIgniter.php(932): App\Controllers\Home->obtenerNombre('1')
#7 C:\laragon\www\Soporte-Dev-EP\system\CodeIgniter.php(497): CodeIgniter\CodeIgniter->runController(Object(App\Controllers\Home))
#8 C:\laragon\www\Soporte-Dev-EP\system\CodeIgniter.php(366): CodeIgniter\CodeIgniter->handleRequest(NULL, Object(Config\Cache), false)
#9 C:\laragon\www\Soporte-Dev-EP\public\index.php(67): CodeIgniter\CodeIgniter->run()
#10 {main}
CRITICAL - 2023-08-16 18:36:37 --> Unknown column 'id_nombre' in 'where clause'
in SYSTEMPATH\Database\MySQLi\Connection.php on line 295.
 1 SYSTEMPATH\Database\MySQLi\Connection.php(295): mysqli->query('SELECT *
FROM `solicitud`
WHERE `id_nombre` = \'1\'', 0)
 2 SYSTEMPATH\Database\BaseConnection.php(692): CodeIgniter\Database\MySQLi\Connection->execute('SELECT *
FROM `solicitud`
WHERE `id_nombre` = \'1\'')
 3 SYSTEMPATH\Database\BaseConnection.php(606): CodeIgniter\Database\BaseConnection->simpleQuery('SELECT *
FROM `solicitud`
WHERE `id_nombre` = \'1\'')
 4 SYSTEMPATH\Database\BaseBuilder.php(1616): CodeIgniter\Database\BaseConnection->query('SELECT *
FROM `solicitud`
WHERE `id_nombre` = :id_nombre:', [...], false)
 5 APPPATH\Models\CrudModel.php(20): CodeIgniter\Database\BaseBuilder->get()
 6 APPPATH\Controllers\Home.php(76): App\Models\CrudModel->obtenerNombre([...])
 7 SYSTEMPATH\CodeIgniter.php(932): App\Controllers\Home->obtenerNombre('1')
 8 SYSTEMPATH\CodeIgniter.php(497): CodeIgniter\CodeIgniter->runController(Object(App\Controllers\Home))
 9 SYSTEMPATH\CodeIgniter.php(366): CodeIgniter\CodeIgniter->handleRequest(null, Object(Config\Cache), false)
10 FCPATH\index.php(67): CodeIgniter\CodeIgniter->run()
INFO - 2023-08-16 18:36:39 --> Session: Class initialized using 'CodeIgniter\Session\Handlers\FileHandler' driver.
ERROR - 2023-08-16 18:36:41 --> mysqli_sql_exception: Unknown column 'id_nombre' in 'where clause' in C:\laragon\www\Soporte-Dev-EP\system\Database\MySQLi\Connection.php:295
Stack trace:
#0 C:\laragon\www\Soporte-Dev-EP\system\Database\MySQLi\Connection.php(295): mysqli->query('SELECT *\nFROM `...', 0)
#1 C:\laragon\www\Soporte-Dev-EP\system\Database\BaseConnection.php(692): CodeIgniter\Database\MySQLi\Connection->execute('SELECT *\nFROM `...')
#2 C:\laragon\www\Soporte-Dev-EP\system\Database\BaseConnection.php(606): CodeIgniter\Database\BaseConnection->simpleQuery('SELECT *\nFROM `...')
#3 C:\laragon\www\Soporte-Dev-EP\system\Database\BaseBuilder.php(1616): CodeIgniter\Database\BaseConnection->query('SELECT *\nFROM `...', Array, false)
#4 C:\laragon\www\Soporte-Dev-EP\app\Models\CrudModel.php(20): CodeIgniter\Database\BaseBuilder->get()
#5 C:\laragon\www\Soporte-Dev-EP\app\Controllers\Home.php(76): App\Models\CrudModel->obtenerNombre(Array)
#6 C:\laragon\www\Soporte-Dev-EP\system\CodeIgniter.php(932): App\Controllers\Home->obtenerNombre('1')
#7 C:\laragon\www\Soporte-Dev-EP\system\CodeIgniter.php(497): CodeIgniter\CodeIgniter->runController(Object(App\Controllers\Home))
#8 C:\laragon\www\Soporte-Dev-EP\system\CodeIgniter.php(366): CodeIgniter\CodeIgniter->handleRequest(NULL, Object(Config\Cache), false)
#9 C:\laragon\www\Soporte-Dev-EP\public\index.php(67): CodeIgniter\CodeIgniter->run()
#10 {main}
CRITICAL - 2023-08-16 18:36:41 --> Unknown column 'id_nombre' in 'where clause'
in SYSTEMPATH\Database\MySQLi\Connection.php on line 295.
 1 SYSTEMPATH\Database\MySQLi\Connection.php(295): mysqli->query('SELECT *
FROM `solicitud`
WHERE `id_nombre` = \'1\'', 0)
 2 SYSTEMPATH\Database\BaseConnection.php(692): CodeIgniter\Database\MySQLi\Connection->execute('SELECT *
FROM `solicitud`
WHERE `id_nombre` = \'1\'')
 3 SYSTEMPATH\Database\BaseConnection.php(606): CodeIgniter\Database\BaseConnection->simpleQuery('SELECT *
FROM `solicitud`
WHERE `id_nombre` = \'1\'')
 4 SYSTEMPATH\Database\BaseBuilder.php(1616): CodeIgniter\Database\BaseConnection->query('SELECT *
FROM `solicitud`
WHERE `id_nombre` = :id_nombre:', [...], false)
 5 APPPATH\Models\CrudModel.php(20): CodeIgniter\Database\BaseBuilder->get()
 6 APPPATH\Controllers\Home.php(76): App\Models\CrudModel->obtenerNombre([...])
 7 SYSTEMPATH\CodeIgniter.php(932): App\Controllers\Home->obtenerNombre('1')
 8 SYSTEMPATH\CodeIgniter.php(497): CodeIgniter\CodeIgniter->runController(Object(App\Controllers\Home))
 9 SYSTEMPATH\CodeIgniter.php(366): CodeIgniter\CodeIgniter->handleRequest(null, Object(Config\Cache), false)
10 FCPATH\index.php(67): CodeIgniter\CodeIgniter->run()
ERROR - 2023-08-16 18:39:57 --> mysqli_sql_exception: Unknown column 'id_nombre' in 'where clause' in C:\laragon\www\Soporte-Dev-EP\system\Database\MySQLi\Connection.php:295
Stack trace:
#0 C:\laragon\www\Soporte-Dev-EP\system\Database\MySQLi\Connection.php(295): mysqli->query('SELECT *\nFROM `...', 0)
#1 C:\laragon\www\Soporte-Dev-EP\system\Database\BaseConnection.php(692): CodeIgniter\Database\MySQLi\Connection->execute('SELECT *\nFROM `...')
#2 C:\laragon\www\Soporte-Dev-EP\system\Database\BaseConnection.php(606): CodeIgniter\Database\BaseConnection->simpleQuery('SELECT *\nFROM `...')
#3 C:\laragon\www\Soporte-Dev-EP\system\Database\BaseBuilder.php(1616): CodeIgniter\Database\BaseConnection->query('SELECT *\nFROM `...', Array, false)
#4 C:\laragon\www\Soporte-Dev-EP\app\Models\CrudModel.php(20): CodeIgniter\Database\BaseBuilder->get()
#5 C:\laragon\www\Soporte-Dev-EP\app\Controllers\Home.php(76): App\Models\CrudModel->obtenerNombre(Array)
#6 C:\laragon\www\Soporte-Dev-EP\system\CodeIgniter.php(932): App\Controllers\Home->obtenerNombre('1')
#7 C:\laragon\www\Soporte-Dev-EP\system\CodeIgniter.php(497): CodeIgniter\CodeIgniter->runController(Object(App\Controllers\Home))
#8 C:\laragon\www\Soporte-Dev-EP\system\CodeIgniter.php(366): CodeIgniter\CodeIgniter->handleRequest(NULL, Object(Config\Cache), false)
#9 C:\laragon\www\Soporte-Dev-EP\public\index.php(67): CodeIgniter\CodeIgniter->run()
#10 {main}
CRITICAL - 2023-08-16 18:39:57 --> Unknown column 'id_nombre' in 'where clause'
in SYSTEMPATH\Database\MySQLi\Connection.php on line 295.
 1 SYSTEMPATH\Database\MySQLi\Connection.php(295): mysqli->query('SELECT *
FROM `solicitud`
WHERE `id_nombre` = \'1\'', 0)
 2 SYSTEMPATH\Database\BaseConnection.php(692): CodeIgniter\Database\MySQLi\Connection->execute('SELECT *
FROM `solicitud`
WHERE `id_nombre` = \'1\'')
 3 SYSTEMPATH\Database\BaseConnection.php(606): CodeIgniter\Database\BaseConnection->simpleQuery('SELECT *
FROM `solicitud`
WHERE `id_nombre` = \'1\'')
 4 SYSTEMPATH\Database\BaseBuilder.php(1616): CodeIgniter\Database\BaseConnection->query('SELECT *
FROM `solicitud`
WHERE `id_nombre` = :id_nombre:', [...], false)
 5 APPPATH\Models\CrudModel.php(20): CodeIgniter\Database\BaseBuilder->get()
 6 APPPATH\Controllers\Home.php(76): App\Models\CrudModel->obtenerNombre([...])
 7 SYSTEMPATH\CodeIgniter.php(932): App\Controllers\Home->obtenerNombre('1')
 8 SYSTEMPATH\CodeIgniter.php(497): CodeIgniter\CodeIgniter->runController(Object(App\Controllers\Home))
 9 SYSTEMPATH\CodeIgniter.php(366): CodeIgniter\CodeIgniter->handleRequest(null, Object(Config\Cache), false)
10 FCPATH\index.php(67): CodeIgniter\CodeIgniter->run()
ERROR - 2023-08-16 18:39:59 --> mysqli_sql_exception: Unknown column 'id_nombre' in 'where clause' in C:\laragon\www\Soporte-Dev-EP\system\Database\MySQLi\Connection.php:295
Stack trace:
#0 C:\laragon\www\Soporte-Dev-EP\system\Database\MySQLi\Connection.php(295): mysqli->query('SELECT *\nFROM `...', 0)
#1 C:\laragon\www\Soporte-Dev-EP\system\Database\BaseConnection.php(692): CodeIgniter\Database\MySQLi\Connection->execute('SELECT *\nFROM `...')
#2 C:\laragon\www\Soporte-Dev-EP\system\Database\BaseConnection.php(606): CodeIgniter\Database\BaseConnection->simpleQuery('SELECT *\nFROM `...')
#3 C:\laragon\www\Soporte-Dev-EP\system\Database\BaseBuilder.php(1616): CodeIgniter\Database\BaseConnection->query('SELECT *\nFROM `...', Array, false)
#4 C:\laragon\www\Soporte-Dev-EP\app\Models\CrudModel.php(20): CodeIgniter\Database\BaseBuilder->get()
#5 C:\laragon\www\Soporte-Dev-EP\app\Controllers\Home.php(76): App\Models\CrudModel->obtenerNombre(Array)
#6 C:\laragon\www\Soporte-Dev-EP\system\CodeIgniter.php(932): App\Controllers\Home->obtenerNombre('1')
#7 C:\laragon\www\Soporte-Dev-EP\system\CodeIgniter.php(497): CodeIgniter\CodeIgniter->runController(Object(App\Controllers\Home))
#8 C:\laragon\www\Soporte-Dev-EP\system\CodeIgniter.php(366): CodeIgniter\CodeIgniter->handleRequest(NULL, Object(Config\Cache), false)
#9 C:\laragon\www\Soporte-Dev-EP\public\index.php(67): CodeIgniter\CodeIgniter->run()
#10 {main}
CRITICAL - 2023-08-16 18:39:59 --> Unknown column 'id_nombre' in 'where clause'
in SYSTEMPATH\Database\MySQLi\Connection.php on line 295.
 1 SYSTEMPATH\Database\MySQLi\Connection.php(295): mysqli->query('SELECT *
FROM `solicitud`
WHERE `id_nombre` = \'1\'', 0)
 2 SYSTEMPATH\Database\BaseConnection.php(692): CodeIgniter\Database\MySQLi\Connection->execute('SELECT *
FROM `solicitud`
WHERE `id_nombre` = \'1\'')
 3 SYSTEMPATH\Database\BaseConnection.php(606): CodeIgniter\Database\BaseConnection->simpleQuery('SELECT *
FROM `solicitud`
WHERE `id_nombre` = \'1\'')
 4 SYSTEMPATH\Database\BaseBuilder.php(1616): CodeIgniter\Database\BaseConnection->query('SELECT *
FROM `solicitud`
WHERE `id_nombre` = :id_nombre:', [...], false)
 5 APPPATH\Models\CrudModel.php(20): CodeIgniter\Database\BaseBuilder->get()
 6 APPPATH\Controllers\Home.php(76): App\Models\CrudModel->obtenerNombre([...])
 7 SYSTEMPATH\CodeIgniter.php(932): App\Controllers\Home->obtenerNombre('1')
 8 SYSTEMPATH\CodeIgniter.php(497): CodeIgniter\CodeIgniter->runController(Object(App\Controllers\Home))
 9 SYSTEMPATH\CodeIgniter.php(366): CodeIgniter\CodeIgniter->handleRequest(null, Object(Config\Cache), false)
10 FCPATH\index.php(67): CodeIgniter\CodeIgniter->run()
INFO - 2023-08-16 18:45:30 --> Session: Class initialized using 'CodeIgniter\Session\Handlers\FileHandler' driver.
INFO - 2023-08-16 18:52:38 --> Session: Class initialized using 'CodeIgniter\Session\Handlers\FileHandler' driver.
INFO - 2023-08-16 18:52:44 --> Session: Class initialized using 'CodeIgniter\Session\Handlers\FileHandler' driver.
INFO - 2023-08-16 18:52:54 --> Session: Class initialized using 'CodeIgniter\Session\Handlers\FileHandler' driver.
INFO - 2023-08-16 19:03:33 --> Session: Class initialized using 'CodeIgniter\Session\Handlers\FileHandler' driver.
INFO - 2023-08-16 19:04:06 --> Session: Class initialized using 'CodeIgniter\Session\Handlers\FileHandler' driver.
INFO - 2023-08-16 19:06:05 --> Session: Class initialized using 'CodeIgniter\Session\Handlers\FileHandler' driver.
INFO - 2023-08-16 19:07:10 --> Session: Class initialized using 'CodeIgniter\Session\Handlers\FileHandler' driver.
INFO - 2023-08-16 19:08:51 --> Session: Class initialized using 'CodeIgniter\Session\Handlers\FileHandler' driver.
INFO - 2023-08-16 19:21:02 --> Session: Class initialized using 'CodeIgniter\Session\Handlers\FileHandler' driver.
INFO - 2023-08-16 19:32:00 --> Session: Class initialized using 'CodeIgniter\Session\Handlers\FileHandler' driver.
INFO - 2023-08-16 19:32:24 --> Session: Class initialized using 'CodeIgniter\Session\Handlers\FileHandler' driver.
INFO - 2023-08-16 19:39:58 --> Session: Class initialized using 'CodeIgniter\Session\Handlers\FileHandler' driver.
INFO - 2023-08-16 19:42:54 --> Session: Class initialized using 'CodeIgniter\Session\Handlers\FileHandler' driver.
INFO - 2023-08-16 19:44:32 --> Session: Class initialized using 'CodeIgniter\Session\Handlers\FileHandler' driver.
INFO - 2023-08-16 19:45:18 --> Session: Class initialized using 'CodeIgniter\Session\Handlers\FileHandler' driver.
INFO - 2023-08-16 19:45:38 --> Session: Class initialized using 'CodeIgniter\Session\Handlers\FileHandler' driver.
INFO - 2023-08-16 19:46:50 --> Session: Class initialized using 'CodeIgniter\Session\Handlers\FileHandler' driver.
INFO - 2023-08-16 19:47:36 --> Session: Class initialized using 'CodeIgniter\Session\Handlers\FileHandler' driver.
INFO - 2023-08-16 19:48:16 --> Session: Class initialized using 'CodeIgniter\Session\Handlers\FileHandler' driver.
INFO - 2023-08-16 19:49:52 --> Session: Class initialized using 'CodeIgniter\Session\Handlers\FileHandler' driver.
INFO - 2023-08-16 19:51:15 --> Session: Class initialized using 'CodeIgniter\Session\Handlers\FileHandler' driver.
INFO - 2023-08-16 19:51:29 --> Session: Class initialized using 'CodeIgniter\Session\Handlers\FileHandler' driver.
INFO - 2023-08-16 19:52:03 --> Session: Class initialized using 'CodeIgniter\Session\Handlers\FileHandler' driver.
INFO - 2023-08-16 19:55:16 --> Session: Class initialized using 'CodeIgniter\Session\Handlers\FileHandler' driver.
INFO - 2023-08-16 20:07:08 --> Session: Class initialized using 'CodeIgniter\Session\Handlers\FileHandler' driver.
INFO - 2023-08-16 20:08:40 --> Session: Class initialized using 'CodeIgniter\Session\Handlers\FileHandler' driver.
INFO - 2023-08-16 20:12:17 --> Session: Class initialized using 'CodeIgniter\Session\Handlers\FileHandler' driver.
INFO - 2023-08-16 20:12:41 --> Session: Class initialized using 'CodeIgniter\Session\Handlers\FileHandler' driver.
INFO - 2023-08-16 20:12:47 --> Session: Class initialized using 'CodeIgniter\Session\Handlers\FileHandler' driver.
INFO - 2023-08-16 20:13:13 --> Session: Class initialized using 'CodeIgniter\Session\Handlers\FileHandler' driver.
INFO - 2023-08-16 20:13:18 --> Session: Class initialized using 'CodeIgniter\Session\Handlers\FileHandler' driver.
